Example/for ADT-Bundle/proguard/seeds.txt
android.support.v4.app.FragmentState
android.support.v4.app.FragmentState: android.os.Parcelable$Creator CREATOR
android.support.v4.content.ModernAsyncTask$Status: android.support.v4.content.ModernAsyncTask$Status[] values()
android.support.v4.content.ModernAsyncTask$Status: android.support.v4.content.ModernAsyncTask$Status valueOf(java.lang.String)
android.support.v4.view.PagerTitleStrip
android.support.v4.view.PagerTitleStrip: PagerTitleStrip(android.content.Context,android.util.AttributeSet)
android.support.v4.view.ViewPager
android.support.v4.view.ViewPager: ViewPager(android.content.Context,android.util.AttributeSet)
android.support.v4.view.ViewPager: void setScrollState(int)
android.support.v4.view.ViewPager: void setAdapter(android.support.v4.view.PagerAdapter)
android.support.v4.view.ViewPager: android.support.v4.view.PagerAdapter getAdapter()
android.support.v4.view.ViewPager: void setOnAdapterChangeListener(android.support.v4.view.ViewPager$OnAdapterChangeListener)
android.support.v4.view.ViewPager: void setCurrentItem(int)
android.support.v4.view.ViewPager: int getCurrentItem()
android.support.v4.view.ViewPager: void setOnPageChangeListener(android.support.v4.view.ViewPager$OnPageChangeListener)
android.support.v4.view.ViewPager: int getOffscreenPageLimit()
android.support.v4.view.ViewPager: void setOffscreenPageLimit(int)
android.support.v4.view.ViewPager: void setPageMargin(int)
android.support.v4.view.ViewPager: int getPageMargin()
android.support.v4.view.ViewPager: void setPageMarginDrawable(android.graphics.drawable.Drawable)
android.support.v4.view.ViewPager: void setPageMarginDrawable(int)
android.support.v4.view.ViewPager: void setScrollingCacheEnabled(boolean)
android.support.v4.view.ViewPager$LayoutParams
android.support.v4.view.ViewPager$LayoutParams: ViewPager$LayoutParams(android.content.Context,android.util.AttributeSet)
android.support.v4.view.ViewPager$SavedState
android.support.v4.view.ViewPager$SavedState: android.os.Parcelable$Creator CREATOR
com.payssion.android.sdk.MainActivity
com.payssion.android.sdk.PaymentPageActivity
com.payssion.android.sdk.PaymentPageActivity: PaymentPageActivity()
com.payssion.android.sdk.PaymentWebActivity
com.payssion.android.sdk.PaymentWebActivity: PaymentWebActivity()
com.payssion.android.sdk.Payssion
com.payssion.android.sdk.PayssionActivity
com.payssion.android.sdk.PayssionActivity: PayssionActivity()
com.payssion.android.sdk.PayssionBaseActivity
com.payssion.android.sdk.PayssionBaseActivity: PayssionBaseActivity()
com.payssion.android.sdk.model.GetDetailResponse
com.payssion.android.sdk.model.PayResponse
com.payssion.android.sdk.ui.DialogSpinner
com.payssion.android.sdk.ui.widget.FormAutoCompleteTextView
com.payssion.android.sdk.ui.widget.FormDate
com.payssion.android.sdk.ui.widget.FormEdit
com.payssion.android.sdk.ui.widget.FormSelect
com.payssion.example.MainActivity
com.payssion.example.MainActivity: MainActivity()
com.payssion.example.PaymentSelectActivity
com.payssion.example.R$color: int background
com.payssion.example.R$color: int black
com.payssion.example.R$color: int payment_accountinfo_name
com.payssion.example.R$color: int payment_accountinfo_value
com.payssion.example.R$color: int payment_instruction
com.payssion.example.R$color: int payment_tip
com.payssion.example.R$color: int pm_item_bg
com.payssion.example.R$color: int pm_line
com.payssion.example.R$color: int title_background
com.payssion.example.R$color: int transparent
com.payssion.example.R$color: int white
com.payssion.example.R$drawable: int game_bg
com.payssion.example.R$drawable: int game_btn
com.payssion.example.R$drawable: int ic_launcher
com.payssion.example.R$drawable: int list_arrow
com.payssion.example.R$drawable: int list_arrow_focused
com.payssion.example.R$drawable: int list_arrow_normal
com.payssion.example.R$drawable: int list_divider
com.payssion.example.R$drawable: int solid_line