Example/for ADT-Bundle/proguard/mapping.txt
com.a.a.a.i -> com.a.a.a.i:
    java.util.concurrent.ConcurrentHashMap a -> a
    java.util.concurrent.ConcurrentHashMap b -> b
    java.util.concurrent.ConcurrentHashMap c -> c
    java.util.concurrent.ConcurrentHashMap d -> d
    java.lang.String e -> e
    void a(java.lang.String,java.lang.String) -> a
    java.lang.String toString() -> toString
    org.apache.http.HttpEntity a(com.a.a.a.k) -> a
    org.apache.http.HttpEntity a() -> a
    java.util.List b() -> b
    java.util.List a(java.lang.String,java.lang.Object) -> a
com.a.a.a.j -> com.a.a.a.j:
    java.io.File a -> a
    java.lang.String b -> b
    java.io.InputStream c -> c
    java.lang.String d -> d
com.a.a.a.k -> com.a.a.a.k:
    java.lang.String a -> a
    android.os.Handler b -> b
    boolean c -> c
    void a(org.apache.http.HttpResponse) -> a
    void a() -> a
    void b() -> b
    void a(int,int) -> a
    void a(int,org.apache.http.Header[],byte[],java.lang.Throwable) -> a
    void a(int) -> a
    void a(org.apache.http.Header[]) -> a
    boolean c() -> c
    java.lang.String d() -> d
    void e() -> e
    void f() -> f
    void a(int,byte[]) -> a
    void a(int,byte[],java.lang.Throwable) -> a
    void b(int) -> b
    void a(android.os.Message) -> a
    void b(android.os.Message) -> b
    android.os.Message a(int,java.lang.Object) -> a
    byte[] a(org.apache.http.HttpEntity) -> a
com.a.a.a.l -> com.a.a.a.l:
    java.util.HashSet a -> a
    java.util.HashSet b -> b
    boolean retryRequest(java.io.IOException,int,org.apache.http.protocol.HttpContext) -> retryRequest
    boolean a(java.util.HashSet,java.lang.Throwable) -> a
com.a.a.a.m -> com.a.a.a.m:
    byte[] a -> a
    byte[] b -> b
    char[] c -> c
    java.lang.String d -> d
    byte[] e -> e
    byte[] f -> f
    java.util.List g -> g
    java.io.ByteArrayOutputStream h -> h
    com.a.a.a.k i -> i
    int j -> j
    int k -> k
    void a(java.lang.String,java.lang.String,java.lang.String) -> a
    void a(java.lang.String,java.io.File,java.lang.String) -> a
    void a(java.lang.String,java.lang.String,java.io.InputStream,java.lang.String) -> a
    java.lang.String b(java.lang.String) -> b
    byte[] c(java.lang.String) -> c
    byte[] b(java.lang.String,java.lang.String) -> b
    void a(int) -> a
    long getContentLength() -> getContentLength
    org.apache.http.Header getContentType() -> getContentType
    boolean isChunked() -> isChunked
    void a() -> a
    boolean isRepeatable() -> isRepeatable
    boolean isStreaming() -> isStreaming
    void writeTo(java.io.OutputStream) -> writeTo
    org.apache.http.Header getContentEncoding() -> getContentEncoding
    void consumeContent() -> consumeContent
    java.io.InputStream getContent() -> getContent
    byte[] a(com.a.a.a.m) -> a
    byte[] a(java.lang.String,java.lang.String) -> a
    byte[] a(java.lang.String) -> a
    byte[] b() -> b
    byte[] c() -> c
com.a.a.a.n -> com.a.a.a.n:
    java.io.File a -> a
    byte[] b -> b
    com.a.a.a.m c -> c
    byte[] a(java.lang.String,java.lang.String,java.lang.String) -> a