Example/for ADT-Bundle/proguard/usage.txt
android.support.v4.widget.CursorAdapter$ChangeObserver
android.support.v4.widget.CursorAdapter$MyDataSetObserver
android.support.v4.widget.CursorFilter
android.support.v4.widget.CursorFilter$CursorFilterClient
android.support.v4.widget.EdgeEffectCompat:
    204:204:public boolean onAbsorb(int)
android.support.v4.widget.EdgeEffectCompat$BaseEdgeEffectImpl:
    82:82:public boolean onAbsorb(java.lang.Object,int)
android.support.v4.widget.EdgeEffectCompat$EdgeEffectIcsImpl:
    116:116:public boolean onAbsorb(java.lang.Object,int)
android.support.v4.widget.EdgeEffectCompat$EdgeEffectImpl:
    public abstract boolean onAbsorb(java.lang.Object,int)
android.support.v4.widget.EdgeEffectCompatIcs:
    28:28:EdgeEffectCompatIcs()
    57:58:public static boolean onAbsorb(java.lang.Object,int)
android.support.v4.widget.ResourceCursorAdapter
android.support.v4.widget.SearchViewCompat
android.support.v4.widget.SearchViewCompat$OnQueryTextListenerCompat
android.support.v4.widget.SearchViewCompat$SearchViewCompatHoneycombImpl
android.support.v4.widget.SearchViewCompat$SearchViewCompatHoneycombImpl$1
android.support.v4.widget.SearchViewCompat$SearchViewCompatImpl
android.support.v4.widget.SearchViewCompat$SearchViewCompatStubImpl
android.support.v4.widget.SearchViewCompatHoneycomb
android.support.v4.widget.SearchViewCompatHoneycomb$1
android.support.v4.widget.SearchViewCompatHoneycomb$OnQueryTextListenerCompatBridge
android.support.v4.widget.SimpleCursorAdapter
android.support.v4.widget.SimpleCursorAdapter$CursorToStringConverter
android.support.v4.widget.SimpleCursorAdapter$ViewBinder
com.a.a.a.a:
    public final com.a.a.a.h a(java.lang.String,com.a.a.a.k)
    public final com.a.a.a.h b(java.lang.String,com.a.a.a.k)
com.payssion.android.sdk.Payssion:
    private static final java.lang.String LOG_TAG
    private static final java.lang.String ACTION_PAY
    private static void doRequest(java.lang.String,com.payssion.android.sdk.model.PayRequest,com.payssion.android.sdk.model.PayssionResponseHandler)
    public static void get(java.lang.String,com.a.a.a.k)
    public static void pay(com.payssion.android.sdk.model.PayRequest,com.payssion.android.sdk.model.PayssionResponseHandler)
    public void queryPM(com.payssion.android.sdk.model.QueryPMRequest,com.payssion.android.sdk.model.PayssionResponseHandler)
    public void query(com.payssion.android.sdk.model.QueryRequest,com.payssion.android.sdk.model.PayssionResponseHandler)
com.payssion.android.sdk.PayssionActivity:
    public static final int RESULT_OK
    public static final int RESULT_CANCELED
    public static final int RESULT_ERROR
    public static final java.lang.String RESULT_DATA
    public static final java.lang.String RESULT_DESCRIPTION
    public static final java.lang.String ACTION_REQUEST
com.payssion.android.sdk.constant.PPaymentState
com.payssion.android.sdk.g
com.payssion.android.sdk.i
com.payssion.android.sdk.model.ContinuePayRequest:
    public java.lang.String getTransactionId()
com.payssion.android.sdk.model.FillinfoRequest
com.payssion.android.sdk.model.GetDetailRequest:
    public com.payssion.android.sdk.model.GetDetailRequest setLiveMode(boolean)
    public com.payssion.android.sdk.model.GetDetailRequest setSubTrackId(java.lang.String)
    public bridge synthetic com.payssion.android.sdk.model.d setLiveMode(boolean)
    public bridge synthetic com.payssion.android.sdk.model.d setSecretKey(java.lang.String)
    public bridge synthetic com.payssion.android.sdk.model.d setAPIKey(java.lang.String)